<?xml version="1.0" encoding="UTF-8"?>
<!-- Generated by org.testng.reporters.JUnitXMLReporter -->
<testsuite ignored="0" hostname="TYSS-Chaithra" failures="0" tests="1" name="Test-Runner-Edge" time="65.195" errors="0" timestamp="2024-03-11T07:56:37 IST">
  <testcase classname="contactsTests.CreateContactWithLeadSourceTest" name="createContactWithLeadSource" time="24.145"/>
</testsuite> <!-- Test-Runner-Edge -->
