<?xml version="1.0" encoding="UTF-8"?>
<!-- Generated by org.testng.reporters.JUnitXMLReporter -->
<testsuite ignored="0" hostname="TYSS-Chaithra" failures="0" tests="1" name="Test-Runner-1" time="41.339" errors="0" timestamp="2024-03-08T08:02:14 IST">
  <testcase classname="contactsTests.CreateContactWithLeadSourceTest" name="createContactWithLeadSource" time="21.306"/>
</testsuite> <!-- Test-Runner-1 -->
