<?xml version="1.0" encoding="UTF-8"?>
<!-- Generated by org.testng.reporters.JUnitXMLReporter -->
<testsuite ignored="0" hostname="TYSS-Chaithra" failures="0" tests="2" name="Test-Runner-2" time="54.87" errors="0" timestamp="2024-03-08T08:02:28 IST">
  <testcase classname="contactsTests.CreateNewContactTest" name="createNewContactWithMandatoryFields" time="22.201"/>
  <testcase classname="contactsTests.CreateNewContactTest" name="sample" time="0.002"/>
</testsuite> <!-- Test-Runner-2 -->
