<?xml version="1.0" encoding="UTF-8"?>
<!-- Generated by org.testng.reporters.JUnitReportReporter -->
<testsuite hostname="TYSS-Chaithra" failures="0" tests="3" name="practice.TestNGPractice" time="0.012" errors="0" timestamp="2024-03-05T07:24:21 IST" skipped="0">
  <testcase classname="practice.TestNGPractice" name="modifyCustomer" time="0.001"/>
  <system-out/>
  <testcase classname="practice.TestNGPractice" name="deleteCustomer" time="0.006"/>
  <system-out/>
  <testcase classname="practice.TestNGPractice" name="createCustomer" time="0.005"/>
  <system-out/>
</testsuite> <!-- practice.TestNGPractice -->
